This file contains any messages produced by compilers while
running configure, to aid debugging if configure makes a mistake.

It was created by scanbd configure 1.92, which was
generated by GNU Autoconf 2.69.  Invocation command line was

  $ ./configure 

## --------- ##
## Platform. ##
## --------- ##

hostname = homework
uname -m = x86_64
uname -r = 5.13.10-100.fc33.x86_64
uname -s = Linux
uname -v = #1 SMP Thu Aug 12 21:15:41 UTC 2021

/usr/bin/uname -p = x86_64
/bin/uname -X     = unknown

/bin/arch              = x86_64
/usr/bin/arch -k       = unknown
/usr/convex/getsysinfo = unknown
/usr/bin/hostinfo      = unknown
/bin/machine           = unknown
/usr/bin/oslevel       = unknown
/bin/universe          = unknown

PATH: /home/user/perl5/bin
PATH: ~/compilers/codesourcery/bin
PATH: /usr/local/bin
PATH: /usr/local/sbin
PATH: /usr/bin
PATH: /usr/sbin
PATH: /var/lib/snapd/snap/bin
PATH: ~/bin
PATH: ~/.local/share/tresorit/
PATH: /home/user/devel/android-sdk-linux/platform-tools
PATH: /home/user/bin
PATH: ~/bin
PATH: ~/.local/bin


## ----------- ##
## Core tests. ##
## ----------- ##

configure:2592: checking for a BSD-compatible install
configure:2660: result: /usr/bin/install -c
configure:2671: checking whether build environment is sane
configure:2726: result: yes
configure:2875: checking for a thread-safe mkdir -p
configure:2914: result: /usr/bin/mkdir -p
configure:2921: checking for gawk
configure:2937: found /usr/bin/gawk
configure:2948: result: gawk
configure:2959: checking whether make sets $(MAKE)
configure:2981: result: yes
configure:3010: checking whether make supports nested variables
configure:3027: result: yes
configure:3156: checking whether to enable maintainer-specific portions of Makefiles
configure:3165: result: no
configure:3209: checking build system type
configure:3223: result: x86_64-unknown-linux-gnu
configure:3243: checking host system type
configure:3256: result: x86_64-unknown-linux-gnu
configure:3297: checking how to print strings
configure:3324: result: printf
configure:3357: checking for style of include used by make
configure:3385: result: GNU
configure:3456: checking for gcc
configure:3472: found /usr/bin/gcc
configure:3483: result: gcc
configure:3712: checking for C compiler version
configure:3721: gcc --version >&5
gcc (GCC) 10.3.1 20210422 (Red Hat 10.3.1-1)
Copyright (C) 2020 Free Software Foundation, Inc.
This is free software; see the source for copying conditions.  There is NO
warranty; not even for MERCHANTABILITY or FITNESS FOR A PARTICULAR PURPOSE.

configure:3732: $? = 0
configure:3721: gcc -v >&5
Using built-in specs.
COLLECT_GCC=gcc
COLLECT_LTO_WRAPPER=/usr/libexec/gcc/x86_64-redhat-linux/10/lto-wrapper
OFFLOAD_TARGET_NAMES=nvptx-none
OFFLOAD_TARGET_DEFAULT=1
Target: x86_64-redhat-linux
Configured with: ../configure --enable-bootstrap --enable-languages=c,c++,fortran,objc,obj-c++,ada,go,d,lto --prefix=/usr --mandir=/usr/share/man --infodir=/usr/share/info --with-bugurl=http://bugzilla.redhat.com/bugzilla --enable-shared --enable-threads=posix --enable-checking=release --enable-multilib --with-system-zlib --enable-__cxa_atexit --disable-libunwind-exceptions --enable-gnu-unique-object --enable-linker-build-id --with-gcc-major-version-only --with-linker-hash-style=gnu --enable-plugin --enable-initfini-array --with-isl --enable-offload-targets=nvptx-none --without-cuda-driver --enable-gnu-indirect-function --enable-cet --with-tune=generic --with-arch_32=i686 --build=x86_64-redhat-linux
Thread model: posix
Supported LTO compression algorithms: zlib zstd
gcc version 10.3.1 20210422 (Red Hat 10.3.1-1) (GCC) 
... rest of stderr output deleted ...
configure:3732: $? = 0
configure:3721: gcc -V >&5
gcc: error: unrecognized command-line option '-V'
gcc: fatal error: no input files
compilation terminated.
configure:3732: $? = 1
configure:3721: gcc -qversion >&5
gcc: error: unrecognized command-line option '-qversion'; did you mean '--version'?
gcc: fatal error: no input files
compilation terminated.
configure:3732: $? = 1
configure:3752: checking whether the C compiler works
configure:3774: gcc    conftest.c  >&5
configure:3778: $? = 0
configure:3826: result: yes
configure:3829: checking for C compiler default output file name
configure:3831: result: a.out
configure:3837: checking for suffix of executables
configure:3844: gcc -o conftest    conftest.c  >&5
configure:3848: $? = 0
configure:3870: result: 
configure:3892: checking whether we are cross compiling
configure:3900: gcc -o conftest    conftest.c  >&5
configure:3904: $? = 0
configure:3911: ./conftest
configure:3915: $? = 0
configure:3903: result: no
configure:3908: checking for suffix of object files
configure:3930: gcc -c   conftest.c >&5
configure:3934: $? = 0
configure:3955: result: o
configure:3959: checking whether we are using the GNU C compiler
configure:3978: gcc -c   conftest.c >&5
configure:3978: $? = 0
configure:3987: result: yes
configure:3996: checking whether gcc accepts -g
configure:4016: gcc -c -g  conftest.c >&5
configure:4016: $? = 0
configure:4057: result: yes
configure:4074: checking for gcc option to accept ISO C89
configure:4137: gcc  -c -g -O2  conftest.c >&5
configure:4137: $? = 0
configure:4150: result: none needed
configure:4175: checking whether gcc understands -c and -o together
configure:4197: gcc -c conftest.c -o conftest2.o
configure:4200: $? = 0
configure:4197: gcc -c conftest.c -o conftest2.o
configure:4200: $? = 0
configure:4212: result: yes
configure:4231: checking dependency style of gcc
configure:4342: result: gcc3
configure:4357: checking for a sed that does not truncate output
configure:4421: result: /usr/bin/sed
configure:4439: checking for grep that handles long lines and -e
configure:4497: result: /usr/bin/grep
configure:4502: checking for egrep
configure:4564: result: /usr/bin/grep -E
configure:4569: checking for fgrep
configure:4631: result: /usr/bin/grep -F
configure:4666: checking for ld used by gcc
configure:4733: result: /usr/bin/ld
configure:4740: checking if the linker (/usr/bin/ld) is GNU ld
configure:4755: result: yes
configure:4767: checking for BSD- or MS-compatible name lister (nm)
configure:4816: result: /usr/bin/nm -B
configure:4946: checking the name lister (/usr/bin/nm -B) interface
configure:4953: gcc -c -g -O2  conftest.c >&5
configure:4956: /usr/bin/nm -B "conftest.o"
configure:4959: output
0000000000000000 B some_variable
configure:4960: result: BSD nm
configure:4963: checking whether ln -s works
configure:4967: result: yes
configure:4975: checking the maximum length of command line arguments
configure:5105: result: 1572864
configure:5122: checking whether the shell understands some XSI constructs
configure:5131: result: yes
configure:5135: checking whether the shell understands "+="
configure:5139: result: yes
configure:5174: checking how to convert x86_64-unknown-linux-gnu file names to x86_64-unknown-linux-gnu format
configure:5214: result: func_convert_file_noop
configure:5221: checking how to convert x86_64-unknown-linux-gnu file names to toolchain format
configure:5241: result: func_convert_file_noop
configure:5248: checking for /usr/bin/ld option to reload object files
configure:5255: result: -r
configure:5329: checking for objdump
configure:5345: found /usr/bin/objdump
configure:5356: result: objdump
configure:5388: checking how to recognize dependent libraries
configure:5590: result: pass_all
configure:5675: checking for dlltool
configure:5705: result: no
configure:5735: checking how to associate runtime and link libraries
configure:5762: result: printf %s\n
configure:5823: checking for ar
configure:5839: found /usr/bin/ar
configure:5850: result: ar
configure:5887: checking for archiver @FILE support
configure:5904: gcc -c -g -O2  conftest.c >&5
configure:5904: $? = 0
configure:5907: ar cru libconftest.a @conftest.lst >&5
configure:5910: $? = 0
configure:5915: ar cru libconftest.a @conftest.lst >&5
ar: conftest.o: No such file or directory
configure:5918: $? = 1
configure:5917: result: @
configure:5975: checking for strip
configure:5991: found /usr/bin/strip
configure:6002: result: strip
configure:6074: checking for ranlib
configure:6090: found /usr/bin/ranlib
configure:6101: result: ranlib
configure:6203: checking command to parse /usr/bin/nm -B output from gcc object
configure:6323: gcc -c -g -O2  conftest.c >&5
configure:6326: $? = 0
configure:6330: /usr/bin/nm -B conftest.o \| sed -n -e 's/^.*[ ]\([ABCDGIRSTW][ABCDGIRSTW]*\)[ ][ ]*\([_A-Za-z][_A-Za-z0-9]*\)$/\1 \2 \2/p' | sed '/ __gnu_lto/d' \> conftest.nm
configure:6333: $? = 0
configure:6399: gcc -o conftest -g -O2   conftest.c conftstm.o >&5
configure:6402: $? = 0
configure:6440: result: ok
configure:6477: checking for sysroot
configure:6507: result: no
configure:6584: gcc -c -g -O2  conftest.c >&5
configure:6587: $? = 0
configure:6763: checking for mt
configure:6793: result: no
configure:6813: checking if : is a manifest tool
configure:6819: : '-?'
configure:6827: result: no
configure:7469: checking how to run the C preprocessor
configure:7500: gcc -E  conftest.c
configure:7500: $? = 0
configure:7514: gcc -E  conftest.c
conftest.c:11:10: fatal error: ac_nonexistent.h: No such file or directory
   11 | #include <ac_nonexistent.h>
      |          ^~~~~~~~~~~~~~~~~~
compilation terminated.
configure:7514: $? = 1
configure: failed program was:
| /* confdefs.h */
| #define PACKAGE_NAME "scanbd"
| #define PACKAGE_TARNAME "scanbd"
| #define PACKAGE_VERSION "1.92"
| #define PACKAGE_STRING "scanbd 1.92"
| #define PACKAGE_BUGREPORT "wilhelm.meier@fh-kl.de"
| #define PACKAGE_URL ""
| #define PACKAGE "scanbd"
| #define VERSION "1.92"
| /* end confdefs.h.  */
| #include <ac_nonexistent.h>
configure:7539: result: gcc -E
configure:7559: gcc -E  conftest.c
configure:7559: $? = 0
configure:7573: gcc -E  conftest.c
conftest.c:11:10: fatal error: ac_nonexistent.h: No such file or directory
   11 | #include <ac_nonexistent.h>
      |          ^~~~~~~~~~~~~~~~~~
compilation terminated.
configure:7573: $? = 1
configure: failed program was:
| /* confdefs.h */
| #define PACKAGE_NAME "scanbd"
| #define PACKAGE_TARNAME "scanbd"
| #define PACKAGE_VERSION "1.92"
| #define PACKAGE_STRING "scanbd 1.92"
| #define PACKAGE_BUGREPORT "wilhelm.meier@fh-kl.de"
| #define PACKAGE_URL ""
| #define PACKAGE "scanbd"
| #define VERSION "1.92"
| /* end confdefs.h.  */
| #include <ac_nonexistent.h>
configure:7602: checking for ANSI C header files
configure:7622: gcc -c -g -O2  conftest.c >&5
configure:7622: $? = 0
configure:7695: gcc -o conftest -g -O2   conftest.c  >&5
configure:7695: $? = 0
configure:7695: ./conftest
configure:7695: $? = 0
configure:7706: result: yes
configure:7719: checking for sys/types.h
configure:7719: gcc -c -g -O2  conftest.c >&5
configure:7719: $? = 0
configure:7719: result: yes
configure:7719: checking for sys/stat.h
configure:7719: gcc -c -g -O2  conftest.c >&5
configure:7719: $? = 0
configure:7719: result: yes
configure:7719: checking for stdlib.h
configure:7719: gcc -c -g -O2  conftest.c >&5
configure:7719: $? = 0
configure:7719: result: yes
configure:7719: checking for string.h
configure:7719: gcc -c -g -O2  conftest.c >&5
configure:7719: $? = 0
configure:7719: result: yes
configure:7719: checking for memory.h
configure:7719: gcc -c -g -O2  conftest.c >&5
configure:7719: $? = 0
configure:7719: result: yes
configure:7719: checking for strings.h
configure:7719: gcc -c -g -O2  conftest.c >&5
configure:7719: $? = 0
configure:7719: result: yes
configure:7719: checking for inttypes.h
configure:7719: gcc -c -g -O2  conftest.c >&5
configure:7719: $? = 0
configure:7719: result: yes
configure:7719: checking for stdint.h
configure:7719: gcc -c -g -O2  conftest.c >&5
configure:7719: $? = 0
configure:7719: result: yes
configure:7719: checking for unistd.h
configure:7719: gcc -c -g -O2  conftest.c >&5
configure:7719: $? = 0
configure:7719: result: yes
configure:7733: checking for dlfcn.h
configure:7733: gcc -c -g -O2  conftest.c >&5
configure:7733: $? = 0
configure:7733: result: yes
configure:7938: checking for objdir
configure:7953: result: .libs
configure:8224: checking if gcc supports -fno-rtti -fno-exceptions
configure:8242: gcc -c -g -O2  -fno-rtti -fno-exceptions conftest.c >&5
cc1: warning: command-line option '-fno-rtti' is valid for C++/D/ObjC++ but not for C
configure:8246: $? = 0
configure:8259: result: no
configure:8586: checking for gcc option to produce PIC
configure:8593: result: -fPIC -DPIC
configure:8601: checking if gcc PIC flag -fPIC -DPIC works
configure:8619: gcc -c -g -O2  -fPIC -DPIC -DPIC conftest.c >&5
configure:8623: $? = 0
configure:8636: result: yes
configure:8665: checking if gcc static flag -static works
configure:8693: result: no
configure:8708: checking if gcc supports -c -o file.o
configure:8729: gcc -c -g -O2  -o out/conftest2.o conftest.c >&5
configure:8733: $? = 0
configure:8755: result: yes
configure:8763: checking if gcc supports -c -o file.o
configure:8810: result: yes
configure:8843: checking whether the gcc linker (/usr/bin/ld -m elf_x86_64) supports shared libraries
configure:9996: result: yes
configure:10033: checking whether -lc should be explicitly linked in
configure:10041: gcc -c -g -O2  conftest.c >&5
configure:10044: $? = 0
configure:10059: gcc -shared  -fPIC -DPIC conftest.o  -v -Wl,-soname -Wl,conftest -o conftest 2\>\&1 \| /usr/bin/grep  -lc  \>/dev/null 2\>\&1
configure:10062: $? = 0
configure:10076: result: no
configure:10236: checking dynamic linker characteristics
configure:10747: gcc -o conftest -g -O2   -Wl,-rpath -Wl,/foo conftest.c  >&5
configure:10747: $? = 0
configure:10969: result: GNU/Linux ld.so
configure:11076: checking how to hardcode library paths into programs
configure:11101: result: immediate
configure:11641: checking whether stripping libraries is possible
configure:11646: result: yes
configure:11681: checking if libtool supports shared libraries
configure:11683: result: yes
configure:11686: checking whether to build shared libraries
configure:11707: result: yes
configure:11710: checking whether to build static libraries
configure:11714: result: no
configure:8814: checking for gcc
configure:8841: result: gcc
configure:9070: checking for C compiler version
configure:9079: gcc --version >&5
gcc (GCC) 10.3.1 20210422 (Red Hat 10.3.1-1)
Copyright (C) 2020 Free Software Foundation, Inc.
This is free software; see the source for copying conditions.  There is NO
warranty; not even for MERCHANTABILITY or FITNESS FOR A PARTICULAR PURPOSE.

configure:9090: $? = 0
configure:9079: gcc -v >&5
Using built-in specs.
COLLECT_GCC=gcc
COLLECT_LTO_WRAPPER=/usr/libexec/gcc/x86_64-redhat-linux/10/lto-wrapper
OFFLOAD_TARGET_NAMES=nvptx-none
OFFLOAD_TARGET_DEFAULT=1
Target: x86_64-redhat-linux
Configured with: ../configure --enable-bootstrap --enable-languages=c,c++,fortran,objc,obj-c++,ada,go,d,lto --prefix=/usr --mandir=/usr/share/man --infodir=/usr/share/info --with-bugurl=http://bugzilla.redhat.com/bugzilla --enable-shared --enable-threads=posix --enable-checking=release --enable-multilib --with-system-zlib --enable-__cxa_atexit --disable-libunwind-exceptions --enable-gnu-unique-object --enable-linker-build-id --with-gcc-major-version-only --with-linker-hash-style=gnu --enable-plugin --enable-initfini-array --with-isl --enable-offload-targets=nvptx-none --without-cuda-driver --enable-gnu-indirect-function --enable-cet --with-tune=generic --with-arch_32=i686 --build=x86_64-redhat-linux
Thread model: posix
Supported LTO compression algorithms: zlib zstd
gcc version 10.3.1 20210422 (Red Hat 10.3.1-1) (GCC) 
... rest of stderr output deleted ...
configure:9090: $? = 0
configure:9079: gcc -V >&5
gcc: error: unrecognized command-line option '-V'
gcc: fatal error: no input files
compilation terminated.
configure:9090: $? = 1
configure:9079: gcc -qversion >&5
gcc: error: unrecognized command-line option '-qversion'; did you mean '--version'?
gcc: fatal error: no input files
compilation terminated.
configure:9090: $? = 1
configure:9094: checking whether we are using the GNU C compiler
configure:9122: result: yes
configure:9131: checking whether gcc accepts -g
configure:9192: result: yes
configure:9209: checking for gcc option to accept ISO C89
configure:9285: result: none needed
configure:9310: checking whether gcc understands -c and -o together
configure:9347: result: yes
configure:9366: checking dependency style of gcc
configure:9477: result: gcc3
configure:9493: checking whether make sets $(MAKE)
configure:9515: result: yes
configure:9582: checking for g++
configure:9598: found /usr/bin/g++
configure:9609: result: g++
configure:9636: checking for C++ compiler version
configure:9645: g++ --version >&5
g++ (GCC) 10.3.1 20210422 (Red Hat 10.3.1-1)
Copyright (C) 2020 Free Software Foundation, Inc.
This is free software; see the source for copying conditions.  There is NO
warranty; not even for MERCHANTABILITY or FITNESS FOR A PARTICULAR PURPOSE.

configure:9656: $? = 0
configure:9645: g++ -v >&5
Using built-in specs.
COLLECT_GCC=g++
COLLECT_LTO_WRAPPER=/usr/libexec/gcc/x86_64-redhat-linux/10/lto-wrapper
OFFLOAD_TARGET_NAMES=nvptx-none
OFFLOAD_TARGET_DEFAULT=1
Target: x86_64-redhat-linux
Configured with: ../configure --enable-bootstrap --enable-languages=c,c++,fortran,objc,obj-c++,ada,go,d,lto --prefix=/usr --mandir=/usr/share/man --infodir=/usr/share/info --with-bugurl=http://bugzilla.redhat.com/bugzilla --enable-shared --enable-threads=posix --enable-checking=release --enable-multilib --with-system-zlib --enable-__cxa_atexit --disable-libunwind-exceptions --enable-gnu-unique-object --enable-linker-build-id --with-gcc-major-version-only --with-linker-hash-style=gnu --enable-plugin --enable-initfini-array --with-isl --enable-offload-targets=nvptx-none --without-cuda-driver --enable-gnu-indirect-function --enable-cet --with-tune=generic --with-arch_32=i686 --build=x86_64-redhat-linux
Thread model: posix
Supported LTO compression algorithms: zlib zstd
gcc version 10.3.1 20210422 (Red Hat 10.3.1-1) (GCC) 
... rest of stderr output deleted ...
configure:9656: $? = 0
configure:9645: g++ -V >&5
g++: error: unrecognized command-line option '-V'
g++: fatal error: no input files
compilation terminated.
configure:9656: $? = 1
configure:9645: g++ -qversion >&5
g++: error: unrecognized command-line option '-qversion'; did you mean '--version'?
g++: fatal error: no input files
compilation terminated.
configure:9656: $? = 1
configure:9660: checking whether we are using the GNU C++ compiler
configure:9679: g++ -c   conftest.cpp >&5
configure:9679: $? = 0
configure:9688: result: yes
configure:9697: checking whether g++ accepts -g
configure:9717: g++ -c -g  conftest.cpp >&5
configure:9717: $? = 0
configure:9758: result: yes
configure:9783: checking dependency style of g++
configure:9894: result: gcc3
configure:9927: checking how to run the C++ preprocessor
configure:9954: g++ -E  conftest.cpp
configure:9954: $? = 0
configure:9968: g++ -E  conftest.cpp
conftest.cpp:23:10: fatal error: ac_nonexistent.h: No such file or directory
   23 | #include <ac_nonexistent.h>
      |          ^~~~~~~~~~~~~~~~~~
compilation terminated.
configure:9968: $? = 1
configure: failed program was:
| /* confdefs.h */
| #define PACKAGE_NAME "scanbd"
| #define PACKAGE_TARNAME "scanbd"
| #define PACKAGE_VERSION "1.92"
| #define PACKAGE_STRING "scanbd 1.92"
| #define PACKAGE_BUGREPORT "wilhelm.meier@fh-kl.de"
| #define PACKAGE_URL ""
| #define PACKAGE "scanbd"
| #define VERSION "1.92"
| #define STDC_HEADERS 1
| #define HAVE_SYS_TYPES_H 1
| #define HAVE_SYS_STAT_H 1
| #define HAVE_STDLIB_H 1
| #define HAVE_STRING_H 1
| #define HAVE_MEMORY_H 1
| #define HAVE_STRINGS_H 1
| #define HAVE_INTTYPES_H 1
| #define HAVE_STDINT_H 1
| #define HAVE_UNISTD_H 1
| #define HAVE_DLFCN_H 1
| #define LT_OBJDIR ".libs/"
| /* end confdefs.h.  */
| #include <ac_nonexistent.h>
configure:9993: result: g++ -E
configure:10013: g++ -E  conftest.cpp
configure:10013: $? = 0
configure:10027: g++ -E  conftest.cpp
conftest.cpp:23:10: fatal error: ac_nonexistent.h: No such file or directory
   23 | #include <ac_nonexistent.h>
      |          ^~~~~~~~~~~~~~~~~~
compilation terminated.
configure:10027: $? = 1
configure: failed program was:
| /* confdefs.h */
| #define PACKAGE_NAME "scanbd"
| #define PACKAGE_TARNAME "scanbd"
| #define PACKAGE_VERSION "1.92"
| #define PACKAGE_STRING "scanbd 1.92"
| #define PACKAGE_BUGREPORT "wilhelm.meier@fh-kl.de"
| #define PACKAGE_URL ""
| #define PACKAGE "scanbd"
| #define VERSION "1.92"
| #define STDC_HEADERS 1
| #define HAVE_SYS_TYPES_H 1
| #define HAVE_SYS_STAT_H 1
| #define HAVE_STDLIB_H 1
| #define HAVE_STRING_H 1
| #define HAVE_MEMORY_H 1
| #define HAVE_STRINGS_H 1
| #define HAVE_INTTYPES_H 1
| #define HAVE_STDINT_H 1
| #define HAVE_UNISTD_H 1
| #define HAVE_DLFCN_H 1
| #define LT_OBJDIR ".libs/"
| /* end confdefs.h.  */
| #include <ac_nonexistent.h>
configure:10196: checking for ld used by g++
configure:10263: result: /usr/bin/ld -m elf_x86_64
configure:10270: checking if the linker (/usr/bin/ld -m elf_x86_64) is GNU ld
configure:10285: result: yes
configure:10340: checking whether the g++ linker (/usr/bin/ld -m elf_x86_64) supports shared libraries
configure:11345: result: yes
configure:11381: g++ -c -g -O2  conftest.cpp >&5
configure:11384: $? = 0
configure:11904: checking for g++ option to produce PIC
configure:11911: result: -fPIC -DPIC
configure:11919: checking if g++ PIC flag -fPIC -DPIC works
configure:11937: g++ -c -g -O2  -fPIC -DPIC -DPIC conftest.cpp >&5
configure:11941: $? = 0
configure:11954: result: yes
configure:11977: checking if g++ static flag -static works
configure:12005: result: no
configure:12017: checking if g++ supports -c -o file.o
configure:12038: g++ -c -g -O2  -o out/conftest2.o conftest.cpp >&5
configure:12042: $? = 0
configure:12064: result: yes
configure:12069: checking if g++ supports -c -o file.o
configure:12116: result: yes
configure:12146: checking whether the g++ linker (/usr/bin/ld -m elf_x86_64) supports shared libraries
configure:12182: result: yes
configure:12323: checking dynamic linker characteristics
configure:12990: result: GNU/Linux ld.so
configure:13043: checking how to hardcode library paths into programs
configure:13068: result: immediate
configure:12049: checking whether ln -s works
configure:12053: result: yes
configure:12064: checking for saned
configure:12099: result: no
configure:12112: checking for library containing dlopen
configure:12143: gcc -o conftest -g -O2   conftest.c  >&5
/usr/bin/ld: /tmp/cccn1xaz.o: in function `main':
/tmp/xx/1.5.1/conftest.c:34: undefined reference to `dlopen'
collect2: error: ld returned 1 exit status
configure:12143: $? = 1
configure: failed program was:
| /* confdefs.h */
| #define PACKAGE_NAME "scanbd"
| #define PACKAGE_TARNAME "scanbd"
| #define PACKAGE_VERSION "1.92"
| #define PACKAGE_STRING "scanbd 1.92"
| #define PACKAGE_BUGREPORT "wilhelm.meier@fh-kl.de"
| #define PACKAGE_URL ""
| #define PACKAGE "scanbd"
| #define VERSION "1.92"
| #define STDC_HEADERS 1
| #define HAVE_SYS_TYPES_H 1
| #define HAVE_SYS_STAT_H 1
| #define HAVE_STDLIB_H 1
| #define HAVE_STRING_H 1
| #define HAVE_MEMORY_H 1
| #define HAVE_STRINGS_H 1
| #define HAVE_INTTYPES_H 1
| #define HAVE_STDINT_H 1
| #define HAVE_UNISTD_H 1
| #define HAVE_DLFCN_H 1
| #define LT_OBJDIR ".libs/"
| /* end confdefs.h.  */
| 
| /* Override any GCC internal prototype to avoid an error.
|    Use char because int might match the return type of a GCC
|    builtin and then its argument prototype would still apply.  */
| #ifdef __cplusplus
| extern "C"
| #endif
| char dlopen ();
| int
| main ()
| {
| return dlopen ();
|   ;
|   return 0;
| }
configure:12143: gcc -o conftest -g -O2   conftest.c -ldl   >&5
configure:12143: $? = 0
configure:12160: result: -ldl
configure:12173: checking for library containing pthread_create
configure:12204: gcc -o conftest -g -O2   conftest.c -ldl  >&5
/usr/bin/ld: /tmp/ccMXk6Th.o: in function `main':
/tmp/xx/1.5.1/conftest.c:34: undefined reference to `pthread_create'
collect2: error: ld returned 1 exit status
configure:12204: $? = 1
configure: failed program was:
| /* confdefs.h */
| #define PACKAGE_NAME "scanbd"
| #define PACKAGE_TARNAME "scanbd"
| #define PACKAGE_VERSION "1.92"
| #define PACKAGE_STRING "scanbd 1.92"
| #define PACKAGE_BUGREPORT "wilhelm.meier@fh-kl.de"
| #define PACKAGE_URL ""
| #define PACKAGE "scanbd"
| #define VERSION "1.92"
| #define STDC_HEADERS 1
| #define HAVE_SYS_TYPES_H 1
| #define HAVE_SYS_STAT_H 1
| #define HAVE_STDLIB_H 1
| #define HAVE_STRING_H 1
| #define HAVE_MEMORY_H 1
| #define HAVE_STRINGS_H 1
| #define HAVE_INTTYPES_H 1
| #define HAVE_STDINT_H 1
| #define HAVE_UNISTD_H 1
| #define HAVE_DLFCN_H 1
| #define LT_OBJDIR ".libs/"
| /* end confdefs.h.  */
| 
| /* Override any GCC internal prototype to avoid an error.
|    Use char because int might match the return type of a GCC
|    builtin and then its argument prototype would still apply.  */
| #ifdef __cplusplus
| extern "C"
| #endif
| char pthread_create ();
| int
| main ()
| {
| return pthread_create ();
|   ;
|   return 0;
| }
configure:12204: gcc -o conftest -g -O2   conftest.c -lpthread  -ldl  >&5
configure:12204: $? = 0
configure:12221: result: -lpthread
configure:12238: checking for alarm
configure:12238: gcc -o conftest -g -O2   conftest.c -lpthread -ldl  >&5
configure:12238: $? = 0
configure:12238: result: yes
configure:12238: checking for dup2
configure:12238: gcc -o conftest -g -O2   conftest.c -lpthread -ldl  >&5
configure:12238: $? = 0
configure:12238: result: yes
configure:12238: checking for ftruncate
configure:12238: gcc -o conftest -g -O2   conftest.c -lpthread -ldl  >&5
configure:12238: $? = 0
configure:12238: result: yes
configure:12238: checking for getcwd
configure:12238: gcc -o conftest -g -O2   conftest.c -lpthread -ldl  >&5
configure:12238: $? = 0
configure:12238: result: yes
configure:12238: checking for memset
configure:12238: gcc -o conftest -g -O2   conftest.c -lpthread -ldl  >&5
conftest.c:50:6: warning: conflicting types for built-in function 'memset'; expected 'void *(void *, int,  long unsigned int)' [-Wbuiltin-declaration-mismatch]
   50 | char memset ();
      |      ^~~~~~
conftest.c:38:1: note: 'memset' is declared in header '<string.h>'
   37 | # include <limits.h>
   38 | #else
configure:12238: $? = 0
configure:12238: result: yes
configure:12238: checking for putenv
configure:12238: gcc -o conftest -g -O2   conftest.c -lpthread -ldl  >&5
configure:12238: $? = 0
configure:12238: result: yes
configure:12238: checking for regcomp
configure:12238: gcc -o conftest -g -O2   conftest.c -lpthread -ldl  >&5
configure:12238: $? = 0
configure:12238: result: yes
configure:12238: checking for strdup
configure:12238: gcc -o conftest -g -O2   conftest.c -lpthread -ldl  >&5
conftest.c:53:6: warning: conflicting types for built-in function 'strdup'; expected 'char *(const char *)' [-Wbuiltin-declaration-mismatch]
   53 | char strdup ();
      |      ^~~~~~
configure:12238: $? = 0
configure:12238: result: yes
configure:12238: checking for strerror
configure:12238: gcc -o conftest -g -O2   conftest.c -lpthread -ldl  >&5
configure:12238: $? = 0
configure:12238: result: yes
configure:12254: checking arpa/inet.h usability
configure:12254: gcc -c -g -O2  conftest.c >&5
configure:12254: $? = 0
configure:12254: result: yes
configure:12254: checking arpa/inet.h presence
configure:12254: gcc -E  conftest.c
configure:12254: $? = 0
configure:12254: result: yes
configure:12254: checking for arpa/inet.h
configure:12254: result: yes
configure:12254: checking fcntl.h usability
configure:12254: gcc -c -g -O2  conftest.c >&5
configure:12254: $? = 0
configure:12254: result: yes
configure:12254: checking fcntl.h presence
configure:12254: gcc -E  conftest.c
configure:12254: $? = 0
configure:12254: result: yes
configure:12254: checking for fcntl.h
configure:12254: result: yes
configure:12254: checking limits.h usability
configure:12254: gcc -c -g -O2  conftest.c >&5
configure:12254: $? = 0
configure:12254: result: yes
configure:12254: checking limits.h presence
configure:12254: gcc -E  conftest.c
configure:12254: $? = 0
configure:12254: result: yes
configure:12254: checking for limits.h
configure:12254: result: yes
configure:12254: checking netinet/in.h usability
configure:12254: gcc -c -g -O2  conftest.c >&5
configure:12254: $? = 0
configure:12254: result: yes
configure:12254: checking netinet/in.h presence
configure:12254: gcc -E  conftest.c
configure:12254: $? = 0
configure:12254: result: yes
configure:12254: checking for netinet/in.h
configure:12254: result: yes
configure:12254: checking sys/socket.h usability
configure:12254: gcc -c -g -O2  conftest.c >&5
configure:12254: $? = 0
configure:12254: result: yes
configure:12254: checking sys/socket.h presence
configure:12254: gcc -E  conftest.c
configure:12254: $? = 0
configure:12254: result: yes
configure:12254: checking for sys/socket.h
configure:12254: result: yes
configure:12254: checking sys/time.h usability
configure:12254: gcc -c -g -O2  conftest.c >&5
configure:12254: $? = 0
configure:12254: result: yes
configure:12254: checking sys/time.h presence
configure:12254: gcc -E  conftest.c
configure:12254: $? = 0
configure:12254: result: yes
configure:12254: checking for sys/time.h
configure:12254: result: yes
configure:12254: checking syslog.h usability
configure:12254: gcc -c -g -O2  conftest.c >&5
configure:12254: $? = 0
configure:12254: result: yes
configure:12254: checking syslog.h presence
configure:12254: gcc -E  conftest.c
configure:12254: $? = 0
configure:12254: result: yes
configure:12254: checking for syslog.h
configure:12254: result: yes
configure:12254: checking pthread.h usability
configure:12254: gcc -c -g -O2  conftest.c >&5
configure:12254: $? = 0
configure:12254: result: yes
configure:12254: checking pthread.h presence
configure:12254: gcc -E  conftest.c
configure:12254: $? = 0
configure:12254: result: yes
configure:12254: checking for pthread.h
configure:12254: result: yes
configure:12269: checking for size_t
configure:12269: gcc -c -g -O2  conftest.c >&5
configure:12269: $? = 0
configure:12269: gcc -c -g -O2  conftest.c >&5
conftest.c: In function 'main':
conftest.c:76:21: error: expected expression before ')' token
   76 | if (sizeof ((size_t)))
      |                     ^
configure:12269: $? = 1
configure: failed program was:
| /* confdefs.h */
| #define PACKAGE_NAME "scanbd"
| #define PACKAGE_TARNAME "scanbd"
| #define PACKAGE_VERSION "1.92"
| #define PACKAGE_STRING "scanbd 1.92"
| #define PACKAGE_BUGREPORT "wilhelm.meier@fh-kl.de"
| #define PACKAGE_URL ""
| #define PACKAGE "scanbd"
| #define VERSION "1.92"
| #define STDC_HEADERS 1
| #define HAVE_SYS_TYPES_H 1
| #define HAVE_SYS_STAT_H 1
| #define HAVE_STDLIB_H 1
| #define HAVE_STRING_H 1
| #define HAVE_MEMORY_H 1
| #define HAVE_STRINGS_H 1
| #define HAVE_INTTYPES_H 1
| #define HAVE_STDINT_H 1
| #define HAVE_UNISTD_H 1
| #define HAVE_DLFCN_H 1
| #define LT_OBJDIR ".libs/"
| #define HAVE_ALARM 1
| #define HAVE_DUP2 1
| #define HAVE_FTRUNCATE 1
| #define HAVE_GETCWD 1
| #define HAVE_MEMSET 1
| #define HAVE_PUTENV 1
| #define HAVE_REGCOMP 1
| #define HAVE_STRDUP 1
| #define HAVE_STRERROR 1
| #define HAVE_ARPA_INET_H 1
| #define HAVE_FCNTL_H 1
| #define HAVE_LIMITS_H 1
| #define HAVE_NETINET_IN_H 1
| #define HAVE_SYS_SOCKET_H 1
| #define HAVE_SYS_TIME_H 1
| #define HAVE_SYSLOG_H 1
| #define HAVE_PTHREAD_H 1
| /* end confdefs.h.  */
| #include <stdio.h>
| #ifdef HAVE_SYS_TYPES_H
| # include <sys/types.h>
| #endif
| #ifdef HAVE_SYS_STAT_H
| # include <sys/stat.h>
| #endif
| #ifdef STDC_HEADERS
| # include <stdlib.h>
| # include <stddef.h>
| #else
| # ifdef HAVE_STDLIB_H
| #  include <stdlib.h>
| # endif
| #endif
| #ifdef HAVE_STRING_H
| # if !defined STDC_HEADERS && defined HAVE_MEMORY_H
| #  include <memory.h>
| # endif
| # include <string.h>
| #endif
| #ifdef HAVE_STRINGS_H
| # include <strings.h>
| #endif
| #ifdef HAVE_INTTYPES_H
| # include <inttypes.h>
| #endif
| #ifdef HAVE_STDINT_H
| # include <stdint.h>
| #endif
| #ifdef HAVE_UNISTD_H
| # include <unistd.h>
| #endif
| int
| main ()
| {
| if (sizeof ((size_t)))
| 	    return 0;
|   ;
|   return 0;
| }
configure:12269: result: yes
configure:12280: checking for ssize_t
configure:12280: gcc -c -g -O2  conftest.c >&5
configure:12280: $? = 0
configure:12280: gcc -c -g -O2  conftest.c >&5
conftest.c: In function 'main':
conftest.c:76:22: error: expected expression before ')' token
   76 | if (sizeof ((ssize_t)))
      |                      ^
configure:12280: $? = 1
configure: failed program was:
| /* confdefs.h */
| #define PACKAGE_NAME "scanbd"
| #define PACKAGE_TARNAME "scanbd"
| #define PACKAGE_VERSION "1.92"
| #define PACKAGE_STRING "scanbd 1.92"
| #define PACKAGE_BUGREPORT "wilhelm.meier@fh-kl.de"
| #define PACKAGE_URL ""
| #define PACKAGE "scanbd"
| #define VERSION "1.92"
| #define STDC_HEADERS 1
| #define HAVE_SYS_TYPES_H 1
| #define HAVE_SYS_STAT_H 1
| #define HAVE_STDLIB_H 1
| #define HAVE_STRING_H 1
| #define HAVE_MEMORY_H 1
| #define HAVE_STRINGS_H 1
| #define HAVE_INTTYPES_H 1
| #define HAVE_STDINT_H 1
| #define HAVE_UNISTD_H 1
| #define HAVE_DLFCN_H 1
| #define LT_OBJDIR ".libs/"
| #define HAVE_ALARM 1
| #define HAVE_DUP2 1
| #define HAVE_FTRUNCATE 1
| #define HAVE_GETCWD 1
| #define HAVE_MEMSET 1
| #define HAVE_PUTENV 1
| #define HAVE_REGCOMP 1
| #define HAVE_STRDUP 1
| #define HAVE_STRERROR 1
| #define HAVE_ARPA_INET_H 1
| #define HAVE_FCNTL_H 1
| #define HAVE_LIMITS_H 1
| #define HAVE_NETINET_IN_H 1
| #define HAVE_SYS_SOCKET_H 1
| #define HAVE_SYS_TIME_H 1
| #define HAVE_SYSLOG_H 1
| #define HAVE_PTHREAD_H 1
| /* end confdefs.h.  */
| #include <stdio.h>
| #ifdef HAVE_SYS_TYPES_H
| # include <sys/types.h>
| #endif
| #ifdef HAVE_SYS_STAT_H
| # include <sys/stat.h>
| #endif
| #ifdef STDC_HEADERS
| # include <stdlib.h>
| # include <stddef.h>
| #else
| # ifdef HAVE_STDLIB_H
| #  include <stdlib.h>
| # endif
| #endif
| #ifdef HAVE_STRING_H
| # if !defined STDC_HEADERS && defined HAVE_MEMORY_H
| #  include <memory.h>
| # endif
| # include <string.h>
| #endif
| #ifdef HAVE_STRINGS_H
| # include <strings.h>
| #endif
| #ifdef HAVE_INTTYPES_H
| # include <inttypes.h>
| #endif
| #ifdef HAVE_STDINT_H
| # include <stdint.h>
| #endif
| #ifdef HAVE_UNISTD_H
| # include <unistd.h>
| #endif
| int
| main ()
| {
| if (sizeof ((ssize_t)))
| 	    return 0;
|   ;
|   return 0;
| }
configure:12280: result: yes
configure:12291: checking for uint16_t
configure:12291: gcc -c -g -O2  conftest.c >&5
configure:12291: $? = 0
configure:12291: result: yes
configure:12303: checking for uint32_t
configure:12303: gcc -c -g -O2  conftest.c >&5
configure:12303: $? = 0
configure:12303: result: yes
configure:12317: checking for uint8_t
configure:12317: gcc -c -g -O2  conftest.c >&5
configure:12317: $? = 0
configure:12317: result: yes
configure:12331: checking for pid_t
configure:12331: gcc -c -g -O2  conftest.c >&5
configure:12331: $? = 0
configure:12331: gcc -c -g -O2  conftest.c >&5
conftest.c: In function 'main':
conftest.c:76:20: error: expected expression before ')' token
   76 | if (sizeof ((pid_t)))
      |                    ^
configure:12331: $? = 1
configure: failed program was:
| /* confdefs.h */
| #define PACKAGE_NAME "scanbd"
| #define PACKAGE_TARNAME "scanbd"
| #define PACKAGE_VERSION "1.92"
| #define PACKAGE_STRING "scanbd 1.92"
| #define PACKAGE_BUGREPORT "wilhelm.meier@fh-kl.de"
| #define PACKAGE_URL ""
| #define PACKAGE "scanbd"
| #define VERSION "1.92"
| #define STDC_HEADERS 1
| #define HAVE_SYS_TYPES_H 1
| #define HAVE_SYS_STAT_H 1
| #define HAVE_STDLIB_H 1
| #define HAVE_STRING_H 1
| #define HAVE_MEMORY_H 1
| #define HAVE_STRINGS_H 1
| #define HAVE_INTTYPES_H 1
| #define HAVE_STDINT_H 1
| #define HAVE_UNISTD_H 1
| #define HAVE_DLFCN_H 1
| #define LT_OBJDIR ".libs/"
| #define HAVE_ALARM 1
| #define HAVE_DUP2 1
| #define HAVE_FTRUNCATE 1
| #define HAVE_GETCWD 1
| #define HAVE_MEMSET 1
| #define HAVE_PUTENV 1
| #define HAVE_REGCOMP 1
| #define HAVE_STRDUP 1
| #define HAVE_STRERROR 1
| #define HAVE_ARPA_INET_H 1
| #define HAVE_FCNTL_H 1
| #define HAVE_LIMITS_H 1
| #define HAVE_NETINET_IN_H 1
| #define HAVE_SYS_SOCKET_H 1
| #define HAVE_SYS_TIME_H 1
| #define HAVE_SYSLOG_H 1
| #define HAVE_PTHREAD_H 1
| /* end confdefs.h.  */
| #include <stdio.h>
| #ifdef HAVE_SYS_TYPES_H
| # include <sys/types.h>
| #endif
| #ifdef HAVE_SYS_STAT_H
| # include <sys/stat.h>
| #endif
| #ifdef STDC_HEADERS
| # include <stdlib.h>
| # include <stddef.h>
| #else
| # ifdef HAVE_STDLIB_H
| #  include <stdlib.h>
| # endif
| #endif
| #ifdef HAVE_STRING_H
| # if !defined STDC_HEADERS && defined HAVE_MEMORY_H
| #  include <memory.h>
| # endif
| # include <string.h>
| #endif
| #ifdef HAVE_STRINGS_H
| # include <strings.h>
| #endif
| #ifdef HAVE_INTTYPES_H
| # include <inttypes.h>
| #endif
| #ifdef HAVE_STDINT_H
| # include <stdint.h>
| #endif
| #ifdef HAVE_UNISTD_H
| # include <unistd.h>
| #endif
| int
| main ()
| {
| if (sizeof ((pid_t)))
| 	    return 0;
|   ;
|   return 0;
| }
configure:12331: result: yes
configure:12344: checking for uid_t in sys/types.h
configure:12363: result: yes
configure:12376: checking for unistd.h
configure:12376: result: yes
configure:12386: checking for working chown
configure:12419: gcc -o conftest -g -O2   conftest.c -lpthread -ldl  >&5
configure:12419: $? = 0
configure:12419: ./conftest
configure:12419: $? = 0
configure:12431: result: yes
configure:12441: checking vfork.h usability
configure:12441: gcc -c -g -O2  conftest.c >&5
conftest.c:75:10: fatal error: vfork.h: No such file or directory
   75 | #include <vfork.h>
      |          ^~~~~~~~~
compilation terminated.
configure:12441: $? = 1
configure: failed program was:
| /* confdefs.h */
| #define PACKAGE_NAME "scanbd"
| #define PACKAGE_TARNAME "scanbd"
| #define PACKAGE_VERSION "1.92"
| #define PACKAGE_STRING "scanbd 1.92"
| #define PACKAGE_BUGREPORT "wilhelm.meier@fh-kl.de"
| #define PACKAGE_URL ""
| #define PACKAGE "scanbd"
| #define VERSION "1.92"
| #define STDC_HEADERS 1
| #define HAVE_SYS_TYPES_H 1
| #define HAVE_SYS_STAT_H 1
| #define HAVE_STDLIB_H 1
| #define HAVE_STRING_H 1
| #define HAVE_MEMORY_H 1
| #define HAVE_STRINGS_H 1
| #define HAVE_INTTYPES_H 1
| #define HAVE_STDINT_H 1
| #define HAVE_UNISTD_H 1
| #define HAVE_DLFCN_H 1
| #define LT_OBJDIR ".libs/"
| #define HAVE_ALARM 1
| #define HAVE_DUP2 1
| #define HAVE_FTRUNCATE 1
| #define HAVE_GETCWD 1
| #define HAVE_MEMSET 1
| #define HAVE_PUTENV 1
| #define HAVE_REGCOMP 1
| #define HAVE_STRDUP 1
| #define HAVE_STRERROR 1
| #define HAVE_ARPA_INET_H 1
| #define HAVE_FCNTL_H 1
| #define HAVE_LIMITS_H 1
| #define HAVE_NETINET_IN_H 1
| #define HAVE_SYS_SOCKET_H 1
| #define HAVE_SYS_TIME_H 1
| #define HAVE_SYSLOG_H 1
| #define HAVE_PTHREAD_H 1
| #define HAVE_UNISTD_H 1
| #define HAVE_CHOWN 1
| /* end confdefs.h.  */
| #include <stdio.h>
| #ifdef HAVE_SYS_TYPES_H
| # include <sys/types.h>
| #endif
| #ifdef HAVE_SYS_STAT_H
| # include <sys/stat.h>
| #endif
| #ifdef STDC_HEADERS
| # include <stdlib.h>
| # include <stddef.h>
| #else
| # ifdef HAVE_STDLIB_H
| #  include <stdlib.h>
| # endif
| #endif
| #ifdef HAVE_STRING_H
| # if !defined STDC_HEADERS && defined HAVE_MEMORY_H
| #  include <memory.h>
| # endif
| # include <string.h>
| #endif
| #ifdef HAVE_STRINGS_H
| # include <strings.h>
| #endif
| #ifdef HAVE_INTTYPES_H
| # include <inttypes.h>
| #endif
| #ifdef HAVE_STDINT_H
| # include <stdint.h>
| #endif
| #ifdef HAVE_UNISTD_H
| # include <unistd.h>
| #endif
| #include <vfork.h>
configure:12441: result: no
configure:12441: checking vfork.h presence
configure:12441: gcc -E  conftest.c
conftest.c:42:10: fatal error: vfork.h: No such file or directory
   42 | #include <vfork.h>
      |          ^~~~~~~~~
compilation terminated.
configure:12441: $? = 1
configure: failed program was:
| /* confdefs.h */
| #define PACKAGE_NAME "scanbd"
| #define PACKAGE_TARNAME "scanbd"
| #define PACKAGE_VERSION "1.92"
| #define PACKAGE_STRING "scanbd 1.92"
| #define PACKAGE_BUGREPORT "wilhelm.meier@fh-kl.de"
| #define PACKAGE_URL ""
| #define PACKAGE "scanbd"
| #define VERSION "1.92"
| #define STDC_HEADERS 1
| #define HAVE_SYS_TYPES_H 1
| #define HAVE_SYS_STAT_H 1
| #define HAVE_STDLIB_H 1
| #define HAVE_STRING_H 1
| #define HAVE_MEMORY_H 1
| #define HAVE_STRINGS_H 1
| #define HAVE_INTTYPES_H 1
| #define HAVE_STDINT_H 1
| #define HAVE_UNISTD_H 1
| #define HAVE_DLFCN_H 1
| #define LT_OBJDIR ".libs/"
| #define HAVE_ALARM 1
| #define HAVE_DUP2 1
| #define HAVE_FTRUNCATE 1
| #define HAVE_GETCWD 1
| #define HAVE_MEMSET 1
| #define HAVE_PUTENV 1
| #define HAVE_REGCOMP 1
| #define HAVE_STRDUP 1
| #define HAVE_STRERROR 1
| #define HAVE_ARPA_INET_H 1
| #define HAVE_FCNTL_H 1
| #define HAVE_LIMITS_H 1
| #define HAVE_NETINET_IN_H 1
| #define HAVE_SYS_SOCKET_H 1
| #define HAVE_SYS_TIME_H 1
| #define HAVE_SYSLOG_H 1
| #define HAVE_PTHREAD_H 1
| #define HAVE_UNISTD_H 1
| #define HAVE_CHOWN 1
| /* end confdefs.h.  */
| #include <vfork.h>
configure:12441: result: no
configure:12441: checking for vfork.h
configure:12441: result: no
configure:12454: checking for fork
configure:12454: gcc -o conftest -g -O2   conftest.c -lpthread -ldl  >&5
conftest.c:65:6: warning: conflicting types for built-in function 'fork'; expected 'int(void)' [-Wbuiltin-declaration-mismatch]
   65 | char fork ();
      |      ^~~~
configure:12454: $? = 0
configure:12454: result: yes
configure:12454: checking for vfork
configure:12454: gcc -o conftest -g -O2   conftest.c -lpthread -ldl  >&5
configure:12454: $? = 0
configure:12454: result: yes
configure:12464: checking for working fork
configure:12486: gcc -o conftest -g -O2   conftest.c -lpthread -ldl  >&5
configure:12486: $? = 0
configure:12486: ./conftest
configure:12486: $? = 0
configure:12496: result: yes
configure:12517: checking for working vfork
configure:12627: result: yes
configure:12654: checking for stdlib.h
configure:12654: result: yes
configure:12664: checking for GNU libc compatible malloc
configure:12688: gcc -o conftest -g -O2   conftest.c -lpthread -ldl  >&5
configure:12688: $? = 0
configure:12688: ./conftest
configure:12688: $? = 0
configure:12698: result: yes
configure:12719: checking for stdbool.h that conforms to C99
configure:12786: gcc -c -g -O2  conftest.c >&5
configure:12786: $? = 0
configure:12793: result: yes
configure:12795: checking for _Bool
configure:12795: gcc -c -g -O2  conftest.c >&5
configure:12795: $? = 0
configure:12795: gcc -c -g -O2  conftest.c >&5
conftest.c: In function 'main':
conftest.c:84:20: error: expected expression before ')' token
   84 | if (sizeof ((_Bool)))
      |                    ^
configure:12795: $? = 1
configure: failed program was:
| /* confdefs.h */
| #define PACKAGE_NAME "scanbd"
| #define PACKAGE_TARNAME "scanbd"
| #define PACKAGE_VERSION "1.92"
| #define PACKAGE_STRING "scanbd 1.92"
| #define PACKAGE_BUGREPORT "wilhelm.meier@fh-kl.de"
| #define PACKAGE_URL ""
| #define PACKAGE "scanbd"
| #define VERSION "1.92"
| #define STDC_HEADERS 1
| #define HAVE_SYS_TYPES_H 1
| #define HAVE_SYS_STAT_H 1
| #define HAVE_STDLIB_H 1
| #define HAVE_STRING_H 1
| #define HAVE_MEMORY_H 1
| #define HAVE_STRINGS_H 1
| #define HAVE_INTTYPES_H 1
| #define HAVE_STDINT_H 1
| #define HAVE_UNISTD_H 1
| #define HAVE_DLFCN_H 1
| #define LT_OBJDIR ".libs/"
| #define HAVE_ALARM 1
| #define HAVE_DUP2 1
| #define HAVE_FTRUNCATE 1
| #define HAVE_GETCWD 1
| #define HAVE_MEMSET 1
| #define HAVE_PUTENV 1
| #define HAVE_REGCOMP 1
| #define HAVE_STRDUP 1
| #define HAVE_STRERROR 1
| #define HAVE_ARPA_INET_H 1
| #define HAVE_FCNTL_H 1
| #define HAVE_LIMITS_H 1
| #define HAVE_NETINET_IN_H 1
| #define HAVE_SYS_SOCKET_H 1
| #define HAVE_SYS_TIME_H 1
| #define HAVE_SYSLOG_H 1
| #define HAVE_PTHREAD_H 1
| #define HAVE_UNISTD_H 1
| #define HAVE_CHOWN 1
| #define HAVE_FORK 1
| #define HAVE_VFORK 1
| #define HAVE_WORKING_VFORK 1
| #define HAVE_WORKING_FORK 1
| #define HAVE_STDLIB_H 1
| #define HAVE_MALLOC 1
| /* end confdefs.h.  */
| #include <stdio.h>
| #ifdef HAVE_SYS_TYPES_H
| # include <sys/types.h>
| #endif
| #ifdef HAVE_SYS_STAT_H
| # include <sys/stat.h>
| #endif
| #ifdef STDC_HEADERS
| # include <stdlib.h>
| # include <stddef.h>
| #else
| # ifdef HAVE_STDLIB_H
| #  include <stdlib.h>
| # endif
| #endif
| #ifdef HAVE_STRING_H
| # if !defined STDC_HEADERS && defined HAVE_MEMORY_H
| #  include <memory.h>
| # endif
| # include <string.h>
| #endif
| #ifdef HAVE_STRINGS_H
| # include <strings.h>
| #endif
| #ifdef HAVE_INTTYPES_H
| # include <inttypes.h>
| #endif
| #ifdef HAVE_STDINT_H
| # include <stdint.h>
| #endif
| #ifdef HAVE_UNISTD_H
| # include <unistd.h>
| #endif
| int
| main ()
| {
| if (sizeof ((_Bool)))
| 	    return 0;
|   ;
|   return 0;
| }
configure:12795: result: yes
configure:12820: checking linux/limits.h usability
configure:12820: gcc -c -g -O2  conftest.c >&5
configure:12820: $? = 0
configure:12820: result: yes
configure:12820: checking linux/limits.h presence
configure:12820: gcc -E  conftest.c
configure:12820: $? = 0
configure:12820: result: yes
configure:12820: checking for linux/limits.h
configure:12820: result: yes
configure:12820: checking utmp.h usability
configure:12820: gcc -c -g -O2  conftest.c >&5
configure:12820: $? = 0
configure:12820: result: yes
configure:12820: checking utmp.h presence
configure:12820: gcc -E  conftest.c
configure:12820: $? = 0
configure:12820: result: yes
configure:12820: checking for utmp.h
configure:12820: result: yes
configure:12820: checking utmpx.h usability
configure:12820: gcc -c -g -O2  conftest.c >&5
configure:12820: $? = 0
configure:12820: result: yes
configure:12820: checking utmpx.h presence
configure:12820: gcc -E  conftest.c
configure:12820: $? = 0
configure:12820: result: yes
configure:12820: checking for utmpx.h
configure:12820: result: yes
configure:12904: checking for pkg-config
configure:12922: found /usr/bin/pkg-config
configure:12934: result: /usr/bin/pkg-config
configure:12959: checking pkg-config is at least version 0.9.0
configure:12962: result: yes
configure:12972: checking for CONFUSE
configure:12979: $PKG_CONFIG --exists --print-errors "libconfuse"
configure:12982: $? = 0
configure:12996: $PKG_CONFIG --exists --print-errors "libconfuse"
configure:12999: $? = 0
configure:13057: result: yes
configure:13065: checking for DBUS
configure:13072: $PKG_CONFIG --exists --print-errors "dbus-1"
configure:13075: $? = 0
configure:13089: $PKG_CONFIG --exists --print-errors "dbus-1"
configure:13092: $? = 0
configure:13150: result: yes
configure:13355: checking for UDEV
configure:13362: $PKG_CONFIG --exists --print-errors "libudev"
Package libudev was not found in the pkg-config search path.
Perhaps you should add the directory containing `libudev.pc'
to the PKG_CONFIG_PATH environment variable
Package 'libudev', required by 'virtual:world', not found
configure:13365: $? = 1
configure:13379: $PKG_CONFIG --exists --print-errors "libudev"
Package libudev was not found in the pkg-config search path.
Perhaps you should add the directory containing `libudev.pc'
to the PKG_CONFIG_PATH environment variable
Package 'libudev', required by 'virtual:world', not found
configure:13382: $? = 1
configure:13396: result: no
Package 'libudev', required by 'virtual:world', not found
configure:13414: checking for HAL
configure:13421: $PKG_CONFIG --exists --print-errors "hal"
Package hal was not found in the pkg-config search path.
Perhaps you should add the directory containing `hal.pc'
to the PKG_CONFIG_PATH environment variable
Package 'hal', required by 'virtual:world', not found
configure:13424: $? = 1
configure:13438: $PKG_CONFIG --exists --print-errors "hal"
Package hal was not found in the pkg-config search path.
Perhaps you should add the directory containing `hal.pc'
to the PKG_CONFIG_PATH environment variable
Package 'hal', required by 'virtual:world', not found
configure:13441: $? = 1
configure:13455: result: no
Package 'hal', required by 'virtual:world', not found
configure:13471: WARNING: Neither Udev nor Hal are found, automatic dynamic detection of scanners is not supported! Use SIGHUP instead.
configure:13687: checking for pkg-config
configure:13717: result: /usr/bin/pkg-config
configure:13742: checking pkg-config is at least version 0.9.0
configure:13745: result: yes
configure:13909: checking for SANE
configure:13916: $PKG_CONFIG --exists --print-errors "sane-backends >= 1.0"
configure:13919: $? = 0
configure:13933: $PKG_CONFIG --exists --print-errors "sane-backends >= 1.0"
configure:13936: $? = 0
configure:13974: result: yes
configure:14053: On linux we use user saned, plase make sure you add it!
configure:14066: Using user: saned
configure:14105: Using group: lp
configure:14276: checking that generated files are newer than configure
configure:14282: result: done
configure:14329: creating ./config.status

## ---------------------- ##
## Running config.status. ##
## ---------------------- ##

This file was extended by scanbd config.status 1.92, which was
generated by GNU Autoconf 2.69.  Invocation command line was

  CONFIG_FILES    = 
  CONFIG_HEADERS  = 
  CONFIG_LINKS    = 
  CONFIG_COMMANDS = 
  $ ./config.status 

on homework

config.status:1109: creating Makefile
config.status:1109: creating src/scanbd/Makefile
config.status:1109: creating src/scanbuttond/Makefile
config.status:1109: creating src/scanbuttond/backends/Makefile
config.status:1109: creating src/scanbuttond/interface/Makefile
config.status:1109: creating src/scanbuttond/include/Makefile
config.status:1109: creating integration/Makefile
config.status:1109: creating contrib/Makefile
config.status:1109: creating doc/Makefile
config.status:1109: creating conf/Makefile
config.status:1109: creating scripts/Makefile
config.status:1281: executing depfiles commands
config.status:1281: executing libtool commands

## ---------------- ##
## Cache variables. ##
## ---------------- ##

ac_cv_build=x86_64-unknown-linux-gnu
ac_cv_c_compiler_gnu=yes
ac_cv_c_uint16_t=yes
ac_cv_c_uint32_t=yes
ac_cv_c_uint8_t=yes
ac_cv_cxx_compiler_gnu=yes
ac_cv_env_CCC_set=
ac_cv_env_CCC_value=
ac_cv_env_CC_set=
ac_cv_env_CC_value=
ac_cv_env_CFLAGS_set=
ac_cv_env_CFLAGS_value=
ac_cv_env_CONFUSE_CFLAGS_set=
ac_cv_env_CONFUSE_CFLAGS_value=
ac_cv_env_CONFUSE_LIBS_set=
ac_cv_env_CONFUSE_LIBS_value=
ac_cv_env_CPPFLAGS_set=
ac_cv_env_CPPFLAGS_value=
ac_cv_env_CPP_set=
ac_cv_env_CPP_value=
ac_cv_env_CXXCPP_set=
ac_cv_env_CXXCPP_value=
ac_cv_env_CXXFLAGS_set=
ac_cv_env_CXXFLAGS_value=
ac_cv_env_CXX_set=
ac_cv_env_CXX_value=
ac_cv_env_DBUS_CFLAGS_set=
ac_cv_env_DBUS_CFLAGS_value=
ac_cv_env_DBUS_LIBS_set=
ac_cv_env_DBUS_LIBS_value=
ac_cv_env_HAL_CFLAGS_set=
ac_cv_env_HAL_CFLAGS_value=
ac_cv_env_HAL_LIBS_set=
ac_cv_env_HAL_LIBS_value=
ac_cv_env_LDFLAGS_set=
ac_cv_env_LDFLAGS_value=
ac_cv_env_LIBS_set=
ac_cv_env_LIBS_value=
ac_cv_env_LIBUSB_CFLAGS_set=
ac_cv_env_LIBUSB_CFLAGS_value=
ac_cv_env_LIBUSB_LIBS_set=
ac_cv_env_LIBUSB_LIBS_value=
ac_cv_env_PKG_CONFIG_LIBDIR_set=
ac_cv_env_PKG_CONFIG_LIBDIR_value=
ac_cv_env_PKG_CONFIG_PATH_set=
ac_cv_env_PKG_CONFIG_PATH_value=
ac_cv_env_PKG_CONFIG_set=
ac_cv_env_PKG_CONFIG_value=
ac_cv_env_SANE_CFLAGS_set=
ac_cv_env_SANE_CFLAGS_value=
ac_cv_env_SANE_LIBS_set=
ac_cv_env_SANE_LIBS_value=
ac_cv_env_UDEV_CFLAGS_set=
ac_cv_env_UDEV_CFLAGS_value=
ac_cv_env_UDEV_LIBS_set=
ac_cv_env_UDEV_LIBS_value=
ac_cv_env_build_alias_set=
ac_cv_env_build_alias_value=
ac_cv_env_host_alias_set=
ac_cv_env_host_alias_value=
ac_cv_env_target_alias_set=
ac_cv_env_target_alias_value=
ac_cv_func_alarm=yes
ac_cv_func_chown_works=yes
ac_cv_func_dup2=yes
ac_cv_func_fork=yes
ac_cv_func_fork_works=yes
ac_cv_func_ftruncate=yes
ac_cv_func_getcwd=yes
ac_cv_func_malloc_0_nonnull=yes
ac_cv_func_memset=yes
ac_cv_func_putenv=yes
ac_cv_func_regcomp=yes
ac_cv_func_strdup=yes
ac_cv_func_strerror=yes
ac_cv_func_vfork=yes
ac_cv_func_vfork_works=yes
ac_cv_header_arpa_inet_h=yes
ac_cv_header_dlfcn_h=yes
ac_cv_header_fcntl_h=yes
ac_cv_header_inttypes_h=yes
ac_cv_header_limits_h=yes
ac_cv_header_linux_limits_h=yes
ac_cv_header_memory_h=yes
ac_cv_header_netinet_in_h=yes
ac_cv_header_pthread_h=yes
ac_cv_header_stdbool_h=yes
ac_cv_header_stdc=yes
ac_cv_header_stdint_h=yes
ac_cv_header_stdlib_h=yes
ac_cv_header_string_h=yes
ac_cv_header_strings_h=yes
ac_cv_header_sys_socket_h=yes
ac_cv_header_sys_stat_h=yes
ac_cv_header_sys_time_h=yes
ac_cv_header_sys_types_h=yes
ac_cv_header_syslog_h=yes
ac_cv_header_unistd_h=yes
ac_cv_header_utmp_h=yes
ac_cv_header_utmpx_h=yes
ac_cv_header_vfork_h=no
ac_cv_host=x86_64-unknown-linux-gnu
ac_cv_objext=o
ac_cv_path_EGREP='/usr/bin/grep -E'
ac_cv_path_FGREP='/usr/bin/grep -F'
ac_cv_path_GREP=/usr/bin/grep
ac_cv_path_SED=/usr/bin/sed
ac_cv_path_ac_pt_PKG_CONFIG=/usr/bin/pkg-config
ac_cv_path_install='/usr/bin/install -c'
ac_cv_path_mkdir=/usr/bin/mkdir
ac_cv_prog_AWK=gawk
ac_cv_prog_CPP='gcc -E'
ac_cv_prog_CXXCPP='g++ -E'
ac_cv_prog_ac_ct_AR=ar
ac_cv_prog_ac_ct_CC=gcc
ac_cv_prog_ac_ct_CXX=g++
ac_cv_prog_ac_ct_OBJDUMP=objdump
ac_cv_prog_ac_ct_RANLIB=ranlib
ac_cv_prog_ac_ct_STRIP=strip
ac_cv_prog_cc_c89=
ac_cv_prog_cc_g=yes
ac_cv_prog_cxx_g=yes
ac_cv_prog_make_make_set=yes
ac_cv_search_dlopen=-ldl
ac_cv_search_pthread_create=-lpthread
ac_cv_type__Bool=yes
ac_cv_type_pid_t=yes
ac_cv_type_size_t=yes
ac_cv_type_ssize_t=yes
ac_cv_type_uid_t=yes
am_cv_CC_dependencies_compiler_type=gcc3
am_cv_CXX_dependencies_compiler_type=gcc3
am_cv_make_support_nested_variables=yes
am_cv_prog_cc_c_o=yes
lt_cv_ar_at_file=@
lt_cv_archive_cmds_need_lc=no
lt_cv_deplibs_check_method=pass_all
lt_cv_file_magic_cmd='$MAGIC_CMD'
lt_cv_file_magic_test_file=
lt_cv_ld_reload_flag=-r
lt_cv_nm_interface='BSD nm'
lt_cv_objdir=.libs
lt_cv_path_LD=/usr/bin/ld
lt_cv_path_LDCXX='/usr/bin/ld -m elf_x86_64'
lt_cv_path_NM='/usr/bin/nm -B'
lt_cv_path_mainfest_tool=no
lt_cv_prog_compiler_c_o=yes
lt_cv_prog_compiler_c_o_CXX=yes
lt_cv_prog_compiler_pic='-fPIC -DPIC'
lt_cv_prog_compiler_pic_CXX='-fPIC -DPIC'
lt_cv_prog_compiler_pic_works=yes
lt_cv_prog_compiler_pic_works_CXX=yes
lt_cv_prog_compiler_rtti_exceptions=no
lt_cv_prog_compiler_static_works=no
lt_cv_prog_compiler_static_works_CXX=no
lt_cv_prog_gnu_ld=yes
lt_cv_prog_gnu_ldcxx=yes
lt_cv_sharedlib_from_linklib_cmd='printf %s\n'
lt_cv_shlibpath_overrides_runpath=no
lt_cv_sys_global_symbol_pipe='sed -n -e '\''s/^.*[	 ]\([ABCDGIRSTW][ABCDGIRSTW]*\)[	 ][	 ]*\([_A-Za-z][_A-Za-z0-9]*\)$/\1 \2 \2/p'\'' | sed '\''/ __gnu_lto/d'\'''
lt_cv_sys_global_symbol_to_c_name_address='sed -n -e '\''s/^: \([^ ]*\)[ ]*$/  {\"\1\", (void *) 0},/p'\'' -e '\''s/^[ABCDGIRSTW]* \([^ ]*\) \([^ ]*\)$/  {"\2", (void *) \&\2},/p'\'''
lt_cv_sys_global_symbol_to_c_name_address_lib_prefix='sed -n -e '\''s/^: \([^ ]*\)[ ]*$/  {\"\1\", (void *) 0},/p'\'' -e '\''s/^[ABCDGIRSTW]* \([^ ]*\) \(lib[^ ]*\)$/  {"\2", (void *) \&\2},/p'\'' -e '\''s/^[ABCDGIRSTW]* \([^ ]*\) \([^ ]*\)$/  {"lib\2", (void *) \&\2},/p'\'''
lt_cv_sys_global_symbol_to_cdecl='sed -n -e '\''s/^T .* \(.*\)$/extern int \1();/p'\'' -e '\''s/^[ABCDGIRSTW]* .* \(.*\)$/extern char \1;/p'\'''
lt_cv_sys_max_cmd_len=1572864
lt_cv_to_host_file_cmd=func_convert_file_noop
lt_cv_to_tool_file_cmd=func_convert_file_noop
pkg_cv_CONFUSE_CFLAGS=
pkg_cv_CONFUSE_LIBS='-lconfuse '
pkg_cv_DBUS_CFLAGS='-I/usr/include/dbus-1.0 -I/usr/lib64/dbus-1.0/include '
pkg_cv_DBUS_LIBS='-ldbus-1 '
pkg_cv_SANE_CFLAGS=
pkg_cv_SANE_LIBS='-lsane '

## ----------------- ##
## Output variables. ##
## ----------------- ##

ACLOCAL='${SHELL} /tmp/xx/1.5.1/missing aclocal-1.15'
AMDEPBACKSLASH='\'
AMDEP_FALSE='#'
AMDEP_TRUE=''
AMTAR='$${TAR-tar}'
AM_BACKSLASH='\'
AM_DEFAULT_V='$(AM_DEFAULT_VERBOSITY)'
AM_DEFAULT_VERBOSITY='1'
AM_V='$(V)'
AR='ar'
AUTOCONF='${SHELL} /tmp/xx/1.5.1/missing autoconf'
AUTOHEADER='${SHELL} /tmp/xx/1.5.1/missing autoheader'
AUTOMAKE='${SHELL} /tmp/xx/1.5.1/missing automake-1.15'
AWK='gawk'
CC='gcc'
CCDEPMODE='depmode=gcc3'
CFLAGS='-g -O2'
CONFUSE_CFLAGS=''
CONFUSE_LIBS='-lconfuse '
CPP='gcc -E'
CPPFLAGS=''
CXX='g++'
CXXCPP='g++ -E'
CXXDEPMODE='depmode=gcc3'
CXXFLAGS='-g -O2'
CYGPATH_W='echo'
DBUS_CFLAGS='-I/usr/include/dbus-1.0 -I/usr/lib64/dbus-1.0/include '
DBUS_LIBS='-ldbus-1 '
DEFS='-DPACKAGE_NAME=\"scanbd\" -DPACKAGE_TARNAME=\"scanbd\" -DPACKAGE_VERSION=\"1.92\" -DPACKAGE_STRING=\"scanbd\ 1.92\" -DPACKAGE_BUGREPORT=\"wilhelm.meier@fh-kl.de\" -DPACKAGE_URL=\"\" -DPACKAGE=\"scanbd\" -DVERSION=\"1.92\" -DSTDC_HEADERS=1 -DHAVE_SYS_TYPES_H=1 -DHAVE_SYS_STAT_H=1 -DHAVE_STDLIB_H=1 -DHAVE_STRING_H=1 -DHAVE_MEMORY_H=1 -DHAVE_STRINGS_H=1 -DHAVE_INTTYPES_H=1 -DHAVE_STDINT_H=1 -DHAVE_UNISTD_H=1 -DHAVE_DLFCN_H=1 -DLT_OBJDIR=\".libs/\" -DHAVE_ALARM=1 -DHAVE_DUP2=1 -DHAVE_FTRUNCATE=1 -DHAVE_GETCWD=1 -DHAVE_MEMSET=1 -DHAVE_PUTENV=1 -DHAVE_REGCOMP=1 -DHAVE_STRDUP=1 -DHAVE_STRERROR=1 -DHAVE_ARPA_INET_H=1 -DHAVE_FCNTL_H=1 -DHAVE_LIMITS_H=1 -DHAVE_NETINET_IN_H=1 -DHAVE_SYS_SOCKET_H=1 -DHAVE_SYS_TIME_H=1 -DHAVE_SYSLOG_H=1 -DHAVE_PTHREAD_H=1 -DHAVE_UNISTD_H=1 -DHAVE_CHOWN=1 -DHAVE_FORK=1 -DHAVE_VFORK=1 -DHAVE_WORKING_VFORK=1 -DHAVE_WORKING_FORK=1 -DHAVE_STDLIB_H=1 -DHAVE_MALLOC=1 -DHAVE__BOOL=1 -DHAVE_STDBOOL_H=1 -DHAVE_LINUX_LIMITS_H=1 -DHAVE_UTMP_H=1 -DHAVE_UTMPX_H=1 -DHAVE_SYSTEMD=1 -DUSE_SANE=1'
DEPDIR='.deps'
DLLTOOL='false'
DSYMUTIL=''
DUMPBIN=''
ECHO_C=''
ECHO_N='-n'
ECHO_T=''
EGREP='/usr/bin/grep -E'
EXEEXT=''
EXTRA_CFLAGS=' -Werror'
FGREP='/usr/bin/grep -F'
GREP='/usr/bin/grep'
HAL_CFLAGS=''
HAL_LIBS=''
HAVE_SYSTEMD_FALSE='#'
HAVE_SYSTEMD_TRUE=''
INSTALL_DATA='${INSTALL} -m 644'
INSTALL_PROGRAM='${INSTALL}'
INSTALL_SCRIPT='${INSTALL}'
INSTALL_STRIP_PROGRAM='$(install_sh) -c -s'
LD='/usr/bin/ld -m elf_x86_64'
LDFLAGS=''
LIBOBJS=''
LIBS='-lpthread -ldl '
LIBTOOL='$(SHELL) $(top_builddir)/libtool'
LIBUSB_CFLAGS=''
LIBUSB_LIBS=''
LIPO=''
LN_S='ln -s'
LTLIBOBJS=''
MAINT='#'
MAINTAINER_MODE_FALSE=''
MAINTAINER_MODE_TRUE='#'
MAKEINFO='${SHELL} /tmp/xx/1.5.1/missing makeinfo'
MANIFEST_TOOL=':'
MKDIR_P='/usr/bin/mkdir -p'
NM='/usr/bin/nm -B'
NMEDIT=''
OBJDUMP='objdump'
OBJEXT='o'
OS_CFLAGS='-Wall -Wextra -std=c11 -g'
OS_CPPFLAGS=''
OTOOL64=''
OTOOL=''
PACKAGE='scanbd'
PACKAGE_BUGREPORT='wilhelm.meier@fh-kl.de'
PACKAGE_NAME='scanbd'
PACKAGE_STRING='scanbd 1.92'
PACKAGE_TARNAME='scanbd'
PACKAGE_URL=''
PACKAGE_VERSION='1.92'
PATH_SEPARATOR=':'
PKG_CONFIG='/usr/bin/pkg-config'
PKG_CONFIG_LIBDIR=''
PKG_CONFIG_PATH=''
RANLIB='ranlib'
SANED_PATH=''
SANE_CFLAGS=''
SANE_CONFIG=''
SANE_LIBS='-lsane '
SCANBD_CFG_DIR='${prefix}/etc/scanbd'
SCANBD_GROUP='lp'
SCANBD_USER='saned'
SCANBUTTOND_LIB_DIR='${exec_prefix}/lib/scanbd/scanbuttond/backends'
SED='/usr/bin/sed'
SET_MAKE=''
SHELL='/bin/sh'
STRIP='strip'
UDEV_CFLAGS=''
UDEV_LIBS=''
USE_SANE_FALSE='#'
USE_SANE_TRUE=''
USE_SCANBUTTOND_FALSE=''
USE_SCANBUTTOND_TRUE='#'
VERSION='1.92'
ac_ct_AR='ar'
ac_ct_CC='gcc'
ac_ct_CXX='g++'
ac_ct_DUMPBIN=''
am__EXEEXT_FALSE=''
am__EXEEXT_TRUE='#'
am__fastdepCC_FALSE='#'
am__fastdepCC_TRUE=''
am__fastdepCXX_FALSE='#'
am__fastdepCXX_TRUE=''
am__include='include'
am__isrc=''
am__leading_dot='.'
am__nodep='_no'
am__quote=''
am__tar='$${TAR-tar} chof - "$$tardir"'
am__untar='$${TAR-tar} xf -'
bindir='${exec_prefix}/bin'
build='x86_64-unknown-linux-gnu'
build_alias=''
build_cpu='x86_64'
build_os='linux-gnu'
build_vendor='unknown'
datadir='${datarootdir}'
datarootdir='${prefix}/share'
docdir='${datarootdir}/doc/${PACKAGE_TARNAME}'
dvidir='${docdir}'
exec_prefix='${prefix}'
host='x86_64-unknown-linux-gnu'
host_alias=''
host_cpu='x86_64'
host_os='linux-gnu'
host_vendor='unknown'
htmldir='${docdir}'
includedir='${prefix}/include'
infodir='${datarootdir}/info'
install_sh='${SHELL} /tmp/xx/1.5.1/install-sh'
libdir='${exec_prefix}/lib'
libexecdir='${exec_prefix}/libexec'
localedir='${datarootdir}/locale'
localstatedir='${prefix}/var'
mandir='${datarootdir}/man'
mkdir_p='$(MKDIR_P)'
oldincludedir='/usr/include'
pdfdir='${docdir}'
prefix='/usr/local'
program_transform_name='s,x,x,'
psdir='${docdir}'
sbindir='${exec_prefix}/sbin'
sharedstatedir='${prefix}/com'
sysconfdir='${prefix}/etc'
systemdsystemunitdir='/usr/lib/systemd/system'
target_alias=''

## ----------- ##
## confdefs.h. ##
## ----------- ##

/* confdefs.h */
#define PACKAGE_NAME "scanbd"
#define PACKAGE_TARNAME "scanbd"
#define PACKAGE_VERSION "1.92"
#define PACKAGE_STRING "scanbd 1.92"
#define PACKAGE_BUGREPORT "wilhelm.meier@fh-kl.de"
#define PACKAGE_URL ""
#define PACKAGE "scanbd"
#define VERSION "1.92"
#define STDC_HEADERS 1
#define HAVE_SYS_TYPES_H 1
#define HAVE_SYS_STAT_H 1
#define HAVE_STDLIB_H 1
#define HAVE_STRING_H 1
#define HAVE_MEMORY_H 1
#define HAVE_STRINGS_H 1
#define HAVE_INTTYPES_H 1
#define HAVE_STDINT_H 1
#define HAVE_UNISTD_H 1
#define HAVE_DLFCN_H 1
#define LT_OBJDIR ".libs/"
#define HAVE_ALARM 1
#define HAVE_DUP2 1
#define HAVE_FTRUNCATE 1
#define HAVE_GETCWD 1
#define HAVE_MEMSET 1
#define HAVE_PUTENV 1
#define HAVE_REGCOMP 1
#define HAVE_STRDUP 1
#define HAVE_STRERROR 1
#define HAVE_ARPA_INET_H 1
#define HAVE_FCNTL_H 1
#define HAVE_LIMITS_H 1
#define HAVE_NETINET_IN_H 1
#define HAVE_SYS_SOCKET_H 1
#define HAVE_SYS_TIME_H 1
#define HAVE_SYSLOG_H 1
#define HAVE_PTHREAD_H 1
#define HAVE_UNISTD_H 1
#define HAVE_CHOWN 1
#define HAVE_FORK 1
#define HAVE_VFORK 1
#define HAVE_WORKING_VFORK 1
#define HAVE_WORKING_FORK 1
#define HAVE_STDLIB_H 1
#define HAVE_MALLOC 1
#define HAVE__BOOL 1
#define HAVE_STDBOOL_H 1
#define HAVE_LINUX_LIMITS_H 1
#define HAVE_UTMP_H 1
#define HAVE_UTMPX_H 1
#define HAVE_SYSTEMD 1
#define USE_SANE 1

configure: exit 0
